libvlc/build/intermediates/manifest_merge_blame_file/release/manifest-merger-blame-release-report.txt
1<?xml version="1.0" encoding="utf-8"?>
2<manifest xmlns:android="http://schemas.android.com/apk/res/android"
3    package="org.videolan"
4    android:versionCode="2"
5    android:versionName="3.0.0" >
6
7    <uses-sdk
8        android:minSdkVersion="17"
8-->ztrs\libvlc\AndroidManifest.xml
9        android:targetSdkVersion="29" />
9-->ztrs\libvlc\AndroidManifest.xml
10
11</manifest>